<?xml version="1.0" encoding="UTF-8"?>
<coverage generated="1539540734124" clover="3.2.0">
  <project timestamp="1539540734125" name="All files">
    <metrics statements="22" coveredstatements="19" conditionals="0" coveredconditionals="0" methods="9" coveredmethods="6" elements="31" coveredelements="25" complexity="0" loc="22" ncloc="22" packages="3" files="6" classes="6">
      <package name="components.shared">
        <metrics statements="5" coveredstatements="3" conditionals="0" coveredconditionals="0" methods="4" coveredmethods="2"/>
        <file name="Alert.vue" path="C:\Users\januar.kindj\Documents\belajar\vue\pushmeong\src\components\shared\Alert.vue">
          <metrics statements="2" coveredstatements="0" conditionals="0" coveredconditionals="0" methods="2" coveredmethods="0"/>
          <line num="11" count="0" type="stmt"/>
          <line num="17" count="0" type="stmt"/>
        </file>
        <file name="Inputfeed.vue" path="C:\Users\januar.kindj\Documents\belajar\vue\pushmeong\src\components\shared\Inputfeed.vue">
          <metrics statements="3" coveredstatements="3" conditionals="0" coveredconditionals="0" methods="2" coveredmethods="2"/>
          <line num="21" count="2" type="stmt"/>
          <line num="24" count="1" type="stmt"/>
          <line num="30" count="1" type="stmt"/>
        </file>
        <file name="index.js" path="C:\Users\januar.kindj\Documents\belajar\vue\pushmeong\src\components\shared\index.js">
          <metrics statements="0" coveredstatements="0" conditionals="0" coveredconditionals="0" methods="0" coveredmethods="0"/>
        </file>
      </package>
      <package name="components.views">
        <metrics statements="9" coveredstatements="8" conditionals="0" coveredconditionals="0" methods="5" coveredmethods="4"/>
        <file name="Hello.vue" path="C:\Users\januar.kindj\Documents\belajar\vue\pushmeong\src\components\views\Hello.vue">
          <metrics statements="3" coveredstatements="2" conditionals="0" coveredconditionals="0" methods="3" coveredmethods="2"/>
          <line num="13" count="2" type="stmt"/>
          <line num="21" count="2" type="stmt"/>
          <line num="28" count="0" type="stmt"/>
        </file>
        <file name="Home.vue" path="C:\Users\januar.kindj\Documents\belajar\vue\pushmeong\src\components\views\Home.vue">
          <metrics statements="6" coveredstatements="6" conditionals="0" coveredconditionals="0" methods="2" coveredmethods="2"/>
          <line num="18" count="1" type="stmt"/>
          <line num="19" count="1" type="stmt"/>
          <line num="20" count="1" type="stmt"/>
          <line num="21" count="1" type="stmt"/>
          <line num="30" count="2" type="stmt"/>
          <line num="54" count="2" type="stmt"/>
        </file>
      </package>
      <package name="store">
        <metrics statements="8" coveredstatements="8" conditionals="0" coveredconditionals="0" methods="0" coveredmethods="0"/>
        <file name="Type.js" path="C:\Users\januar.kindj\Documents\belajar\vue\pushmeong\src\store\Type.js">
          <metrics statements="8" coveredstatements="8" conditionals="0" coveredconditionals="0" methods="0" coveredmethods="0"/>
          <line num="2" count="1" type="stmt"/>
          <line num="3" count="1" type="stmt"/>
          <line num="4" count="1" type="stmt"/>
          <line num="8" count="1" type="stmt"/>
          <line num="9" count="1" type="stmt"/>
          <line num="12" count="1" type="stmt"/>
          <line num="13" count="1" type="stmt"/>
          <line num="14" count="1" type="stmt"/>
        </file>
      </package>
    </metrics>
  </project>
</coverage>
