{"C:\\Users\\januar.kindj\\Documents\\belajar\\vue\\pushmeong\\src\\components\\shared\\Alert.vue": {"path":"C:\\Users\\januar.kindj\\Documents\\belajar\\vue\\pushmeong\\src\\components\\shared\\Alert.vue","statementMap":{"0":{"start":{"line":11,"column":0},"end":{"line":null,"column":-1}},"1":{"start":{"line":17,"column":0},"end":{"line":null,"column":-1}}},"fnMap":{"0":{"name":"data","decl":{"start":{"line":10,"column":0},"end":{"line":null,"column":-1}},"loc":{"start":{"line":10,"column":0},"end":{"line":14,"column":0}}},"1":{"name":"hideAlert","decl":{"start":{"line":16,"column":0},"end":{"line":null,"column":-1}},"loc":{"start":{"line":16,"column":0},"end":{"line":18,"column":0}}}},"branchMap":{},"s":{"0":0,"1":0},"f":{"0":0,"1":0},"b":{}}
,"C:\\Users\\januar.kindj\\Documents\\belajar\\vue\\pushmeong\\src\\components\\shared\\Inputfeed.vue": {"path":"C:\\Users\\januar.kindj\\Documents\\belajar\\vue\\pushmeong\\src\\components\\shared\\Inputfeed.vue","statementMap":{"0":{"start":{"line":21,"column":0},"end":{"line":null,"column":-1}},"1":{"start":{"line":24,"column":0},"end":{"line":null,"column":-1}},"2":{"start":{"line":30,"column":0},"end":{"line":null,"column":-1}}},"fnMap":{"0":{"name":"data","decl":{"start":{"line":23,"column":0},"end":{"line":null,"column":-1}},"loc":{"start":{"line":23,"column":0},"end":{"line":27,"column":0}}},"1":{"name":"lenghtFeed","decl":{"start":{"line":29,"column":0},"end":{"line":null,"column":-1}},"loc":{"start":{"line":29,"column":0},"end":{"line":31,"column":0}}}},"branchMap":{},"s":{"0":2,"1":1,"2":1},"f":{"0":1,"1":1},"b":{}}
,"C:\\Users\\januar.kindj\\Documents\\belajar\\vue\\pushmeong\\src\\components\\shared\\index.js": {"path":"C:\\Users\\januar.kindj\\Documents\\belajar\\vue\\pushmeong\\src\\components\\shared\\index.js","statementMap":{},"fnMap":{},"branchMap":{},"s":{},"f":{},"b":{},"_coverageSchema":"332fd63041d2c1bcb487cc26dd0d5f7d97098a6c","hash":"858ab6aaa8822acd884e9aee287fb9f5e7f2d388"}
,"C:\\Users\\januar.kindj\\Documents\\belajar\\vue\\pushmeong\\src\\components\\views\\Hello.vue": {"path":"C:\\Users\\januar.kindj\\Documents\\belajar\\vue\\pushmeong\\src\\components\\views\\Hello.vue","statementMap":{"0":{"start":{"line":13,"column":0},"end":{"line":null,"column":-1}},"1":{"start":{"line":21,"column":0},"end":{"line":null,"column":-1}},"2":{"start":{"line":28,"column":0},"end":{"line":null,"column":-1}}},"fnMap":{"0":{"name":"getHeadingClasses","decl":{"start":{"line":12,"column":0},"end":{"line":null,"column":-1}},"loc":{"start":{"line":12,"column":0},"end":{"line":18,"column":0}}},"1":{"name":"data","decl":{"start":{"line":20,"column":0},"end":{"line":null,"column":-1}},"loc":{"start":{"line":20,"column":0},"end":{"line":25,"column":0}}},"2":{"name":"toggleClass","decl":{"start":{"line":27,"column":0},"end":{"line":null,"column":-1}},"loc":{"start":{"line":27,"column":0},"end":{"line":29,"column":0}}}},"branchMap":{},"s":{"0":2,"1":2,"2":0},"f":{"0":2,"1":2,"2":0},"b":{}}
,"C:\\Users\\januar.kindj\\Documents\\belajar\\vue\\pushmeong\\src\\components\\views\\Home.vue": {"path":"C:\\Users\\januar.kindj\\Documents\\belajar\\vue\\pushmeong\\src\\components\\views\\Home.vue","statementMap":{"0":{"start":{"line":18,"column":0},"end":{"line":null,"column":-1}},"1":{"start":{"line":19,"column":0},"end":{"line":null,"column":-1}},"2":{"start":{"line":20,"column":0},"end":{"line":null,"column":-1}},"3":{"start":{"line":21,"column":0},"end":{"line":null,"column":-1}},"4":{"start":{"line":30,"column":0},"end":{"line":null,"column":-1}},"5":{"start":{"line":54,"column":0},"end":{"line":null,"column":-1}}},"fnMap":{"0":{"name":"data","decl":{"start":{"line":29,"column":0},"end":{"line":null,"column":-1}},"loc":{"start":{"line":29,"column":0},"end":{"line":33,"column":0}}},"1":{"name":"mounted","decl":{"start":{"line":53,"column":0},"end":{"line":null,"column":-1}},"loc":{"start":{"line":53,"column":0},"end":{"line":55,"column":0}}}},"branchMap":{},"s":{"0":1,"1":1,"2":1,"3":1,"4":2,"5":2},"f":{"0":2,"1":2},"b":{}}
,"C:\\Users\\januar.kindj\\Documents\\belajar\\vue\\pushmeong\\src\\store\\Type.js": {"path":"C:\\Users\\januar.kindj\\Documents\\belajar\\vue\\pushmeong\\src\\store\\Type.js","statementMap":{"0":{"start":{"line":2,"column":24},"end":{"line":2,"column":40}},"1":{"start":{"line":3,"column":31},"end":{"line":3,"column":53}},"2":{"start":{"line":4,"column":36},"end":{"line":4,"column":63}},"3":{"start":{"line":8,"column":26},"end":{"line":8,"column":44}},"4":{"start":{"line":9,"column":31},"end":{"line":9,"column":46}},"5":{"start":{"line":12,"column":27},"end":{"line":12,"column":39}},"6":{"start":{"line":13,"column":30},"end":{"line":13,"column":52}},"7":{"start":{"line":14,"column":31},"end":{"line":14,"column":47}}},"fnMap":{},"branchMap":{},"s":{"0":1,"1":1,"2":1,"3":1,"4":1,"5":1,"6":1,"7":1},"f":{},"b":{},"_coverageSchema":"332fd63041d2c1bcb487cc26dd0d5f7d97098a6c","hash":"d164381fb30f0e15775f6a58074ef6c741294fca"}
}
