TN:
SF:C:\Users\januar.kindj\Documents\belajar\vue\pushmeong\src\components\shared\Alert.vue
FN:10,data
FN:16,hideAlert
FNF:2
FNH:0
FNDA:0,data
FNDA:0,hideAlert
DA:11,0
DA:17,0
LF:2
LH:0
BRF:0
BRH:0
end_of_record
TN:
SF:C:\Users\januar.kindj\Documents\belajar\vue\pushmeong\src\components\shared\Inputfeed.vue
FN:23,data
FN:29,lenghtFeed
FNF:2
FNH:2
FNDA:1,data
FNDA:1,lenghtFeed
DA:21,2
DA:24,1
DA:30,1
LF:3
LH:3
BRF:0
BRH:0
end_of_record
TN:
SF:C:\Users\januar.kindj\Documents\belajar\vue\pushmeong\src\components\shared\index.js
FNF:0
FNH:0
LF:0
LH:0
BRF:0
BRH:0
end_of_record
TN:
SF:C:\Users\januar.kindj\Documents\belajar\vue\pushmeong\src\components\views\Hello.vue
FN:12,getHeadingClasses
FN:20,data
FN:27,toggleClass
FNF:3
FNH:2
FNDA:2,getHeadingClasses
FNDA:2,data
FNDA:0,toggleClass
DA:13,2
DA:21,2
DA:28,0
LF:3
LH:2
BRF:0
BRH:0
end_of_record
TN:
SF:C:\Users\januar.kindj\Documents\belajar\vue\pushmeong\src\components\views\Home.vue
FN:29,data
FN:53,mounted
FNF:2
FNH:2
FNDA:2,data
FNDA:2,mounted
DA:18,1
DA:19,1
DA:20,1
DA:21,1
DA:30,2
DA:54,2
LF:6
LH:6
BRF:0
BRH:0
end_of_record
TN:
SF:C:\Users\januar.kindj\Documents\belajar\vue\pushmeong\src\store\Type.js
FNF:0
FNH:0
DA:2,1
DA:3,1
DA:4,1
DA:8,1
DA:9,1
DA:12,1
DA:13,1
DA:14,1
LF:8
LH:8
BRF:0
BRH:0
end_of_record
